[INFO] Scanning for projects...
[INFO] 
[INFO] ----------------------< com.fremontfades:backend >----------------------
[INFO] Building FremontFades 0.0.1-SNAPSHOT
[INFO]   from pom.xml
[INFO] --------------------------------[ jar ]---------------------------------
[INFO] 
[INFO] --- clean:3.2.0:clean (default-clean) @ backend ---
[INFO] Deleting /Users/vk/IdeaProjects/Fremont Fades/backend/target
[INFO] 
[INFO] --- resources:3.3.1:resources (default-resources) @ backend ---
[WARNING] Using platform encoding (UTF-8 actually) to copy filtered resources, i.e. build is platform dependent!
[INFO] Copying 6 resources from src/main/resources to target/classes
[INFO] 
[INFO] --- compiler:3.14.1:compile (default-compile) @ backend ---
[INFO] Recompiling the module because of changed source code.
[WARNING] File encoding has not been set, using platform encoding UTF-8, i.e. build is platform dependent!
[INFO] Compiling 10 source files with javac [debug target 21] to target/classes
[INFO] /Users/vk/IdeaProjects/Fremont Fades/backend/src/main/java/com/fremontfades/backend/server/BetHandler.java: Some input files use unchecked or unsafe operations.
[INFO] /Users/vk/IdeaProjects/Fremont Fades/backend/src/main/java/com/fremontfades/backend/server/BetHandler.java: Recompile with -Xlint:unchecked for details.
[INFO] 
[INFO] --- exec:3.3.0:java (default-cli) @ backend ---
Server started on port 8080
